
Summary:
  Total:	2.5182 secs
  Slowest:	0.8811 secs
  Fastest:	0.0273 secs
  Average:	0.0488 secs
  Requests/sec:	794.2226
  

Response time histogram:
  0.027 [1]	|
  0.113 [1943]	|■■■■■■■■■■■■■■■■■■■■■■■■■■■■■■■■■■■■■■■■
  0.198 [4]	|
  0.283 [32]	|■
  0.369 [5]	|
  0.454 [3]	|
  0.540 [9]	|
  0.625 [0]	|
  0.710 [0]	|
  0.796 [2]	|
  0.881 [1]	|


Latency distribution:
  10% in 0.0320 secs
  25% in 0.0347 secs
  50% in 0.0389 secs
  75% in 0.0451 secs
  90% in 0.0556 secs
  95% in 0.0659 secs
  99% in 0.2897 secs

Details (average, fastest, slowest):
  DNS+dialup:	0.0012 secs, 0.0273 secs, 0.8811 secs
  DNS-lookup:	0.0001 secs, 0.0000 secs, 0.0068 secs
  req write:	0.0001 secs, 0.0000 secs, 0.0073 secs
  resp wait:	0.0471 secs, 0.0270 secs, 0.8231 secs
  resp read:	0.0003 secs, 0.0000 secs, 0.0125 secs

Status code distribution:
  [200]	2000 responses



