
Summary:
  Total:	2.1536 secs
  Slowest:	0.4651 secs
  Fastest:	0.0270 secs
  Average:	0.0435 secs
  Requests/sec:	928.6922
  

Response time histogram:
  0.027 [1]	|
  0.071 [1936]	|■■■■■■■■■■■■■■■■■■■■■■■■■■■■■■■■■■■■■■■■
  0.115 [11]	|
  0.158 [1]	|
  0.202 [35]	|■
  0.246 [11]	|
  0.290 [2]	|
  0.334 [1]	|
  0.377 [1]	|
  0.421 [0]	|
  0.465 [1]	|


Latency distribution:
  10% in 0.0310 secs
  25% in 0.0337 secs
  50% in 0.0377 secs
  75% in 0.0438 secs
  90% in 0.0513 secs
  95% in 0.0594 secs
  99% in 0.1987 secs

Details (average, fastest, slowest):
  DNS+dialup:	0.0020 secs, 0.0270 secs, 0.4651 secs
  DNS-lookup:	0.0007 secs, 0.0000 secs, 0.0270 secs
  req write:	0.0000 secs, 0.0000 secs, 0.0054 secs
  resp wait:	0.0411 secs, 0.0268 secs, 0.3750 secs
  resp read:	0.0003 secs, 0.0000 secs, 0.0092 secs

Status code distribution:
  [200]	2000 responses



