
Summary:
  Total:	1.1491 secs
  Slowest:	0.1989 secs
  Fastest:	0.0163 secs
  Average:	0.0249 secs
  Requests/sec:	1740.5285
  

Response time histogram:
  0.016 [1]	|
  0.035 [1893]	|■■■■■■■■■■■■■■■■■■■■■■■■■■■■■■■■■■■■■■■■
  0.053 [50]	|■
  0.071 [4]	|
  0.089 [21]	|
  0.108 [8]	|
  0.126 [2]	|
  0.144 [6]	|
  0.162 [8]	|
  0.181 [4]	|
  0.199 [3]	|


Latency distribution:
  10% in 0.0186 secs
  25% in 0.0195 secs
  50% in 0.0213 secs
  75% in 0.0245 secs
  90% in 0.0293 secs
  95% in 0.0348 secs
  99% in 0.1375 secs

Details (average, fastest, slowest):
  DNS+dialup:	0.0014 secs, 0.0163 secs, 0.1989 secs
  DNS-lookup:	0.0003 secs, 0.0000 secs, 0.0136 secs
  req write:	0.0000 secs, 0.0000 secs, 0.0034 secs
  resp wait:	0.0231 secs, 0.0162 secs, 0.1304 secs
  resp read:	0.0003 secs, 0.0000 secs, 0.0152 secs

Status code distribution:
  [200]	2000 responses
